            --------------------------------------------------------
                             AMBER SQM VERSION 19
 
                                     By
              Ross C. Walker, Michael F. Crowley, Scott Brozell,
                         Tim Giese, Andreas W. Goetz,
                        Tai-Sung Lee and David A. Case
 
            --------------------------------------------------------
 

--------------------------------------------------------------------------------
  QM CALCULATION INFO
--------------------------------------------------------------------------------

| QMMM: Citation for AMBER QMMM Run:
| QMMM: R.C. Walker, M.F. Crowley and D.A. Case, J. COMP. CHEM. 29:1019, 2008

QMMM: SINGLET STATE CALCULATION
QMMM: RHF CALCULATION, NO. OF DOUBLY OCCUPIED LEVELS = 55

| QMMM: *** Selected Hamiltonian *** 
| QMMM: AM1         

| QMMM: *** Parameter sets in use ***
| QMMM: C : M.J.S.DEWAR et al. JACS, 107, 3902, (1985)
| QMMM: N : M.J.S.DEWAR et al. JACS, 107, 3902, (1985)
| QMMM: O : M.J.S.DEWAR et al. JACS, 107, 3902, (1985)
| QMMM: H : M.J.S.DEWAR et al. JACS, 107, 3902, (1985)

| QMMM: *** SCF convergence criteria ***
| QMMM: Energy change                :  0.1D-09 kcal/mol
| QMMM: Error matrix |FP-PF|         :  0.1D+00 au
| QMMM: Density matrix change        :  0.5D-06
| QMMM: Maximum number of SCF cycles :     1000

| QMMM: *** Diagonalization Routine Information ***
| QMMM: Pseudo diagonalizations are allowed.
| QMMM: Auto diagonalization routine selection is in use.
| QMMM:
| QMMM: Timing diagonalization routines:
| QMMM:                              norbs =      106
| QMMM:    diag iterations used for timing =       10
| QMMM:
| QMMM:              Internal diag routine = 0.025231 seconds
| QMMM:                 Dspev diag routine = 0.028953 seconds
| QMMM:                Dspevd diag routine = 0.011897 seconds
| QMMM:                Dspevx diag routine = 0.062570 seconds
| QMMM:                 Dsyev diag routine = 0.018782 seconds
| QMMM:                Dsyevd diag routine = 0.010811 seconds
| QMMM:                Dsyevr diag routine = 0.021700 seconds
| QMMM:
| QMMM:                Pseudo diag routine = 0.010758 seconds
| QMMM:
| QMMM: Using dsyevd routine (diag_routine=6).

  QMMM: QM Region Cartesian Coordinates (*=link atom) 
  QMMM: QM_NO.   MM_NO.  ATOM         X         Y         Z
  QMMM:     1        1      C       -2.6740   -1.3140    1.6300
  QMMM:     2        2      C       -1.4720   -1.8670    0.9490
  QMMM:     3        3      C       -1.9050   -2.4310   -0.3790
  QMMM:     4        4      C       -0.8650   -2.9320    1.8310
  QMMM:     5        5      N       -0.4570   -0.7910    0.7150
  QMMM:     6        6      C       -0.7490    0.5280    1.1950
  QMMM:     7        7      C       -1.3820    1.4260    0.1990
  QMMM:     8        8      C       -2.0330    2.5690    0.6080
  QMMM:     9        9      C       -2.6330    3.4420   -0.2570
  QMMM:    10       10      C       -2.6040    3.1990   -1.6030
  QMMM:    11       11      C       -1.9640    2.0690   -2.0570
  QMMM:    12       12      C       -1.3550    1.1860   -1.1550
  QMMM:    13       13      C        0.6970   -1.2120    0.0730
  QMMM:    14       14      O        0.6870   -2.5130   -0.1880
  QMMM:    15       15      C        1.8860   -0.5100   -0.3550
  QMMM:    16       16      C        2.1340    0.8290   -0.2900
  QMMM:    17       17      C        3.3280    1.4420   -0.7060
  QMMM:    18       18      C        4.3180    0.6430   -1.2140
  QMMM:    19       19      N        5.5220    1.2760   -1.6310
  QMMM:    20       20      C        4.1320   -0.7160   -1.3070
  QMMM:    21       21      C        2.9460   -1.2680   -0.8860
  QMMM:    22       22      H       -3.1270   -0.4320    1.1340
  QMMM:    23       23      H       -3.4730   -2.1110    1.5250
  QMMM:    24       24      H       -2.5730   -1.2050    2.7350
  QMMM:    25       25      H       -1.8680   -3.5540   -0.3840
  QMMM:    26       26      H       -1.3330   -2.0080   -1.2110
  QMMM:    27       27      H       -2.9840   -2.1960   -0.6000
  QMMM:    28       28      H        0.0120   -2.4660    2.3510
  QMMM:    29       29      H       -1.5890   -3.1650    2.6350
  QMMM:    30       30      H       -0.5600   -3.8380    1.2660
  QMMM:    31       31      H       -1.5300    0.4000    2.0650
  QMMM:    32       32      H        0.0600    1.0210    1.7670
  QMMM:    33       33      H       -2.0750    2.7910    1.6650
  QMMM:    34       34      H       -3.1290    4.3190    0.1040
  QMMM:    35       35      H       -3.0860    3.8980   -2.3100
  QMMM:    36       36      H       -1.9270    1.8570   -3.0990
  QMMM:    37       37      H       -0.8480    0.2990   -1.5080
  QMMM:    38       38      H        1.3750    1.4640    0.0860
  QMMM:    39       39      H        3.4530    2.5140   -0.6240
  QMMM:    40       40      H        5.5310    1.8070   -2.5100
  QMMM:    41       41      H        6.3950    1.2160   -1.0690
  QMMM:    42       42      H        4.9240   -1.3170   -1.7090
  QMMM:    43       43      H        2.7950   -2.3480   -0.9580

--------------------------------------------------------------------------------
  RESULTS
--------------------------------------------------------------------------------

      iter         sqm energy              rms gradient
      ----    -------------------    -----------------------
xmin    10       25.2089 kcal/mol        2.2434 kcal/(mol*A)
xmin    20       20.1372 kcal/mol        1.0695 kcal/(mol*A)
xmin    30       16.7750 kcal/mol        1.3010 kcal/(mol*A)
xmin    40       14.3247 kcal/mol        1.0147 kcal/(mol*A)
xmin    50       13.9215 kcal/mol        0.2968 kcal/(mol*A)
xmin    60       13.8603 kcal/mol        0.1272 kcal/(mol*A)
xmin    70       13.8416 kcal/mol        0.1404 kcal/(mol*A)
xmin    80       13.8353 kcal/mol        0.0794 kcal/(mol*A)
xmin    90       14.1599 kcal/mol        1.0514 kcal/(mol*A)
xmin   100       13.8290 kcal/mol        0.0899 kcal/(mol*A)
xmin   110       13.8277 kcal/mol        0.0519 kcal/(mol*A)
xmin   120       13.8264 kcal/mol        0.0291 kcal/(mol*A)
xmin   130       13.8222 kcal/mol        0.0294 kcal/(mol*A)
xmin   140       13.8188 kcal/mol        0.0242 kcal/(mol*A)
xmin   150       13.8164 kcal/mol        0.1084 kcal/(mol*A)
xmin   160       13.8145 kcal/mol        0.0403 kcal/(mol*A)
xmin   170       13.8118 kcal/mol        0.0218 kcal/(mol*A)
xmin   180       13.8068 kcal/mol        0.0323 kcal/(mol*A)
xmin   190       13.8044 kcal/mol        0.0211 kcal/(mol*A)
xmin   200       13.8023 kcal/mol        0.0560 kcal/(mol*A)
xmin   210       13.8004 kcal/mol        0.0145 kcal/(mol*A)
xmin   220       13.7984 kcal/mol        0.0216 kcal/(mol*A)
xmin   230       13.7977 kcal/mol        0.0113 kcal/(mol*A)
xmin   240       13.7975 kcal/mol        0.0036 kcal/(mol*A)
xmin   250       13.7975 kcal/mol        0.0049 kcal/(mol*A)
xmin   260       13.7975 kcal/mol        0.0025 kcal/(mol*A)
xmin   270       13.7975 kcal/mol        0.0058 kcal/(mol*A)
xmin   280       13.7974 kcal/mol        0.0013 kcal/(mol*A)
xmin   290       13.7974 kcal/mol        0.0005 kcal/(mol*A)
xmin   290       13.7974 kcal/mol        0.0003 kcal/(mol*A)
  ... geometry converged !
 
 Final MO eigenvalues (eV):
 -40.8477  -39.6234  -39.0173  -36.9849  -35.4719  -34.2223  -31.8713  -31.5932
 -31.4456  -29.6116  -28.0143  -27.5437  -26.3188  -24.1840  -23.5941  -23.2354
 -22.2827  -21.7303  -19.4377  -18.1404  -17.9251  -17.6762  -17.4276  -16.9691
 -16.3350  -15.9203  -15.3937  -15.2468  -14.9466  -14.8854  -14.4646  -14.3921
 -14.2068  -14.1564  -14.0736  -13.9606  -13.6977  -13.3238  -12.9932  -12.9725
 -12.7416  -12.5005  -12.2932  -12.1830  -11.9814  -11.8988  -11.7775  -11.7285
 -11.5671  -10.3408   -9.8478   -9.7868   -9.5657   -9.4213   -8.6756    0.2018
   0.3363    0.4272    0.4804    1.6796    1.8950    2.7435    2.7555    2.8473
   3.4859    3.7014    3.7979    3.8509    3.8918    3.9228    3.9670    4.0146
   4.0342    4.0774    4.1701    4.2338    4.3075    4.3920    4.4159    4.5182
   4.5624    4.6275    4.7040    4.7797    4.8596    4.9189    4.9456    4.9540
   5.0184    5.0636    5.1126    5.1463    5.2589    5.3441    5.4023    5.4550
   5.4989    5.5475    5.5962    5.6688    5.7946    5.9844    6.1187    6.1775
   6.4828    7.2679

 Heat of formation   =         13.79743369 kcal/mol  (        0.59830162 eV)

 Total SCF energy    =     -77051.32704452 kcal/mol  (    -3341.19626402 eV)
 Electronic energy   =    -576907.01398764 kcal/mol  (   -25016.56536957 eV)
 Core-core repulsion =     499855.68694312 kcal/mol  (    21675.36910555 eV)
 
    Atomic Charges for Step       1 :
  Atom    Element       Mulliken Charge
     1      C                 -0.224
     2      C                  0.093
     3      C                 -0.226
     4      C                 -0.230
     5      N                 -0.329
     6      C                  0.016
     7      C                 -0.092
     8      C                 -0.135
     9      C                 -0.126
    10      C                 -0.133
    11      C                 -0.128
    12      C                 -0.126
    13      C                  0.356
    14      O                 -0.367
    15      C                 -0.168
    16      C                 -0.061
    17      C                 -0.205
    18      C                  0.086
    19      N                 -0.338
    20      C                 -0.206
    21      C                 -0.046
    22      H                  0.091
    23      H                  0.084
    24      H                  0.075
    25      H                  0.076
    26      H                  0.112
    27      H                  0.072
    28      H                  0.071
    29      H                  0.076
    30      H                  0.110
    31      H                  0.093
    32      H                  0.109
    33      H                  0.130
    34      H                  0.132
    35      H                  0.132
    36      H                  0.133
    37      H                  0.144
    38      H                  0.145
    39      H                  0.136
    40      H                  0.193
    41      H                  0.193
    42      H                  0.136
    43      H                  0.147
 Total Mulliken Charge =      -0.000
 
                  X        Y        Z     TOTAL  
  QM DIPOLE     0.415    4.283    1.856    4.687
 
 Final Structure

  QMMM: QM Region Cartesian Coordinates (*=link atom) 
  QMMM: QM_NO.   MM_NO.  ATOM         X         Y         Z
  QMMM:     1        1      C       -2.6907   -1.2120    1.3845
  QMMM:     2        2      C       -1.5084   -1.9468    0.7257
  QMMM:     3        3      C       -2.0574   -2.5879   -0.5641
  QMMM:     4        4      C       -1.1067   -3.0841    1.6846
  QMMM:     5        5      N       -0.3680   -1.0542    0.4398
  QMMM:     6        6      C       -0.3805    0.2852    0.9673
  QMMM:     7        7      C       -1.1643    1.3291    0.2153
  QMMM:     8        8      C       -1.3518    2.5644    0.8537
  QMMM:     9        9      C       -2.0418    3.5910    0.2152
  QMMM:    10       10      C       -2.5543    3.3971   -1.0685
  QMMM:    11       11      C       -2.3720    2.1722   -1.7069
  QMMM:    12       12      C       -1.6794    1.1413   -1.0696
  QMMM:    13       13      C        0.7686   -1.5663   -0.1839
  QMMM:    14       14      O        0.8494   -2.7756   -0.4868
  QMMM:    15       15      C        1.9204   -0.6661   -0.4841
  QMMM:    16       16      C        1.7809    0.4881   -1.2587
  QMMM:    17       17      C        2.8878    1.2606   -1.5838
  QMMM:    18       18      C        4.1797    0.8865   -1.1399
  QMMM:    19       19      N        5.3044    1.6094   -1.5313
  QMMM:    20       20      C        4.3087   -0.2850   -0.3540
  QMMM:    21       21      C        3.1933   -1.0516   -0.0473
  QMMM:    22       22      H       -2.9862   -0.3112    0.7952
  QMMM:    23       23      H       -3.5622   -1.9095    1.4257
  QMMM:    24       24      H       -2.4457   -0.9064    2.4291
  QMMM:    25       25      H       -2.9033   -3.2657   -0.2979
  QMMM:    26       26      H       -1.2707   -3.1898   -1.0790
  QMMM:    27       27      H       -2.4341   -1.8038   -1.2625
  QMMM:    28       28      H       -0.7035   -2.6719    2.6394
  QMMM:    29       29      H       -2.0092   -3.6990    1.9137
  QMMM:    30       30      H       -0.3348   -3.7404    1.2153
  QMMM:    31       31      H       -0.7758    0.2539    2.0268
  QMMM:    32       32      H        0.6837    0.6660    1.0364
  QMMM:    33       33      H       -0.9498    2.7209    1.8659
  QMMM:    34       34      H       -2.1838    4.5556    0.7241
  QMMM:    35       35      H       -3.1002    4.2077   -1.5724
  QMMM:    36       36      H       -2.7752    2.0131   -2.7181
  QMMM:    37       37      H       -1.5507    0.1786   -1.5886
  QMMM:    38       38      H        0.7816    0.7932   -1.6128
  QMMM:    39       39      H        2.7542    2.1617   -2.2005
  QMMM:    40       40      H        5.1330    2.5504   -1.8023
  QMMM:    41       41      H        6.1093    1.4871   -0.9608
  QMMM:    42       42      H        5.2989   -0.6054    0.0023
  QMMM:    43       43      H        3.3065   -1.9792    0.5367

           --------- Calculation Completed ----------

