log started: Wed Oct  7 04:55:18 2020

Log file: ./leap.log
>> #
>> # ----- leaprc for loading the general Amber Force field.
>> #       This file is mostly for use with Antechamber
>> #
>> #	load atom type hybridizations
>> #
>> addAtomTypes {
>> 	{ "h1"  "H" "sp3" }
>> 	{ "h2"  "H" "sp3" }
>> 	{ "h3"  "H" "sp3" }
>> 	{ "h4"  "H" "sp3" }
>> 	{ "h5"  "H" "sp3" }
>> 	{ "ha"  "H" "sp3" }
>> 	{ "hc"  "H" "sp3" }
>> 	{ "hn"  "H" "sp3" }
>> 	{ "ho"  "H" "sp3" }
>> 	{ "hp"  "H" "sp3" }
>> 	{ "hs"  "H" "sp3" }
>> 	{ "hw"  "H" "sp3" }
>> 	{ "hx"  "H" "sp3" }
>> 	{ "o"  "O" "sp2" }
>> 	{ "o2"  "O" "sp2" }
>> 	{ "oh"  "O" "sp3" }
>> 	{ "os"  "O" "sp3" }
>> 	{ "ow"  "O" "sp3" }
>> 	{ "c"  "C" "sp2" }
>> 	{ "c1"  "C" "sp2" }
>> 	{ "c2"  "C" "sp2" }
>> 	{ "c3"  "C" "sp3" }
>> 	{ "ca"  "C" "sp2" }
>> 	{ "cc"  "C" "sp2" }
>> 	{ "cd"  "C" "sp2" }
>> 	{ "ce"  "C" "sp2" }
>> 	{ "cf"  "C" "sp2" }
>> 	{ "cg"  "C" "sp2" }
>> 	{ "ch"  "C" "sp2" }
>> 	{ "cp"  "C" "sp2" }
>> 	{ "cq"  "C" "sp2" }
>> 	{ "cu"  "C" "sp2" }
>> 	{ "cv"  "C" "sp2" }
>> 	{ "cx"  "C" "sp2" }
>> 	{ "cy"  "C" "sp2" }
>> 	{ "cz"  "C" "sp2" }
>> 	{ "n"   "N" "sp2" }
>> 	{ "n1"  "N" "sp2" }
>> 	{ "n2"  "N" "sp2" }
>> 	{ "n3"  "N" "sp3" }
>> 	{ "n4"  "N" "sp3" }
>> 	{ "na"  "N" "sp2" }
>> 	{ "nb"  "N" "sp2" }
>> 	{ "nc"  "N" "sp2" }
>> 	{ "nd"  "N" "sp2" }
>> 	{ "ne"  "N" "sp2" }
>> 	{ "nf"  "N" "sp2" }
>> 	{ "nh"  "N" "sp2" }
>> 	{ "no"  "N" "sp2" }
>> 	{ "s"   "S" "sp2" }
>> 	{ "s2"   "S" "sp2" }
>> 	{ "s3"   "S" "sp3" }
>> 	{ "s4"   "S" "sp3" }
>> 	{ "s6"   "S" "sp3" }
>> 	{ "sh"   "S" "sp3" }
>> 	{ "ss"   "S" "sp3" }
>> 	{ "sx"   "S" "sp3" }
>> 	{ "sy"   "S" "sp3" }
>> 	{ "p2"   "P" "sp2" }
>> 	{ "p3"   "P" "sp3" }
>> 	{ "p4"   "P" "sp3" }
>> 	{ "p5"   "P" "sp3" }
>> 	{ "pb"   "P" "sp3" }
>> 	{ "pc"   "P" "sp3" }
>> 	{ "pd"   "P" "sp3" }
>> 	{ "pe"   "P" "sp3" }
>> 	{ "pf"   "P" "sp3" }
>> 	{ "px"   "P" "sp3" }
>> 	{ "py"   "P" "sp3" }
>> 	{ "f"   "F" "sp3" }
>> 	{ "cl"  "Cl" "sp3" }
>> 	{ "br"  "Br" "sp3" }
>> 	{ "i"   "I"  "sp3" }
>> }
>> #
>> #	Load the general force field parameter set.
>> #
>> gaff = loadamberparams gaff.dat
Loading parameters: /home/giacomo/miniconda3/envs/FAT_test/bin/../dat/leap/parm/gaff.dat
Reading title:
AMBER General Force Field for organic molecules (Version 1.8, Mar 2015)
> 
> source oldff/leaprc.ff99SBildn
----- Source: /home/giacomo/miniconda3/envs/FAT_test/bin/../dat/leap/cmd/oldff/leaprc.ff99SBildn
----- Source of /home/giacomo/miniconda3/envs/FAT_test/bin/../dat/leap/cmd/oldff/leaprc.ff99SBildn done
>> logFile leap.log
log started: Wed Oct  7 04:55:18 2020

Log file: ./leap.log
>> #
>> # ----- leaprc for loading the ff99SB (Hornak & Simmerling) force field
>> #       modified for the "ILDN" changes
>> #
>> #	load atom type hybridizations
>> #
>> addAtomTypes {
>> 	{ "H"   "H" "sp3" }
>> 	{ "HO"  "H" "sp3" }
>> 	{ "HS"  "H" "sp3" }
>> 	{ "H1"  "H" "sp3" }
>> 	{ "H2"  "H" "sp3" }
>> 	{ "H3"  "H" "sp3" }
>> 	{ "H4"  "H" "sp3" }
>> 	{ "H5"  "H" "sp3" }
>> 	{ "HW"  "H" "sp3" }
>> 	{ "HC"  "H" "sp3" }
>> 	{ "HA"  "H" "sp3" }
>> 	{ "HP"  "H" "sp3" }
>> 	{ "OH"  "O" "sp3" }
>> 	{ "OS"  "O" "sp3" }
>> 	{ "O"   "O" "sp2" }
>> 	{ "O2"  "O" "sp2" }
>> 	{ "OW"  "O" "sp3" }
>> 	{ "CT"  "C" "sp3" }
>> 	{ "CH"  "C" "sp3" }
>> 	{ "C2"  "C" "sp3" }
>> 	{ "C3"  "C" "sp3" }
>> 	{ "C"   "C" "sp2" }
>> 	{ "C*"  "C" "sp2" }
>> 	{ "CA"  "C" "sp2" }
>> 	{ "CB"  "C" "sp2" }
>> 	{ "CC"  "C" "sp2" }
>> 	{ "CN"  "C" "sp2" }
>> 	{ "CM"  "C" "sp2" }
>> 	{ "CK"  "C" "sp2" }
>> 	{ "CQ"  "C" "sp2" }
>> 	{ "CD"  "C" "sp2" }
>> 	{ "CE"  "C" "sp2" }
>> 	{ "CF"  "C" "sp2" }
>> 	{ "CP"  "C" "sp2" }
>> 	{ "CI"  "C" "sp2" }
>> 	{ "CJ"  "C" "sp2" }
>> 	{ "CW"  "C" "sp2" }
>> 	{ "CV"  "C" "sp2" }
>> 	{ "CR"  "C" "sp2" }
>> 	{ "CA"  "C" "sp2" }
>> 	{ "CY"  "C" "sp2" }
>> 	{ "C0"  "Ca" "sp3" }
>> 	{ "MG"  "Mg" "sp3" }
>> 	{ "N"   "N" "sp2" }
>> 	{ "NA"  "N" "sp2" }
>> 	{ "N2"  "N" "sp2" }
>> 	{ "N*"  "N" "sp2" }
>> 	{ "NP"  "N" "sp2" }
>> 	{ "NQ"  "N" "sp2" }
>> 	{ "NB"  "N" "sp2" }
>> 	{ "NC"  "N" "sp2" }
>> 	{ "NT"  "N" "sp3" }
>> 	{ "N3"  "N" "sp3" }
>> 	{ "S"   "S" "sp3" }
>> 	{ "SH"  "S" "sp3" }
>> 	{ "P"   "P" "sp3" }
>> 	{ "LP"  ""  "sp3" }
>> 	{ "F"   "F" "sp3" }
>> 	{ "CL"  "Cl" "sp3" }
>> 	{ "BR"  "Br" "sp3" }
>> 	{ "I"   "I"  "sp3" }
>> 	{ "FE"  "Fe" "sp3" }
>> 	{ "EP"  ""  "sp3" }
>> # glycam
>> 	{ "OG"  "O" "sp3" }
>> 	{ "OL"  "O" "sp3" }
>> 	{ "AC"  "C" "sp3" }
>> 	{ "EC"  "C" "sp3" }
>> #ildn
>> 	{ "C3"  "C" "sp3" }
>> 	{ "C4"  "C" "sp3" }
>> 	{ "C5"   "C" "sp2" }
>> 	{ "C6"   "C" "sp2" }
>> 	{ "NP"   "N" "sp2" }
>> 	{ "OM"   "O" "sp2" } # guess!!!
>> }
>> #
>> #	Load the main parameter set.
>> #
>> parm99 = loadamberparams parm99.dat
Loading parameters: /home/giacomo/miniconda3/envs/FAT_test/bin/../dat/leap/parm/parm99.dat
Reading title:
PARM99 for DNA,RNA,AA, organic molecules, TIP3P wat. Polariz.& LP incl.02/04/99
(UNKNOWN ATOM TYPE: HZ)
(UNKNOWN ATOM TYPE: IM)
(UNKNOWN ATOM TYPE: Li)
(UNKNOWN ATOM TYPE: IP)
(UNKNOWN ATOM TYPE: K)
(UNKNOWN ATOM TYPE: Rb)
(UNKNOWN ATOM TYPE: Cs)
(UNKNOWN ATOM TYPE: Zn)
(UNKNOWN ATOM TYPE: IB)
(UNKNOWN ATOM TYPE: LP)
>> mods = loadamberparams frcmod.ff99SBildn
Loading parameters: /home/giacomo/miniconda3/envs/FAT_test/bin/../dat/leap/parm/frcmod.ff99SBildn
Reading force field modification type file (frcmod)
Reading title:
Modification/update of parm99.dat (Hornak & Simmerling) + ILDN corrections
>> #
>> #	Load DNA/RNA libraries
>> #
>> loadOff all_nucleic94.lib
Loading library: /home/giacomo/miniconda3/envs/FAT_test/bin/../dat/leap/lib/all_nucleic94.lib
Loading: DA
Loading: DA3
Loading: DA5
Loading: DAN
Loading: DC
Loading: DC3
Loading: DC5
Loading: DCN
Loading: DG
Loading: DG3
Loading: DG5
Loading: DGN
Loading: DT
Loading: DT3
Loading: DT5
Loading: DTN
Loading: RA
Loading: RA3
Loading: RA5
Loading: RAN
Loading: RC
Loading: RC3
Loading: RC5
Loading: RCN
Loading: RG
Loading: RG3
Loading: RG5
Loading: RGN
Loading: RU
Loading: RU3
Loading: RU5
Loading: RUN
>> #
>> #	Load main chain and terminating 
>> #	amino acid libraries (i.e. ff94 libs)
>> #
>> loadOff all_amino94ildn.lib
Loading library: /home/giacomo/miniconda3/envs/FAT_test/bin/../dat/leap/lib/all_amino94ildn.lib
Loading: ALA
Loading: ARG
Loading: ASH
Loading: ASN
Loading: ASP
Loading: CYM
Loading: CYS
Loading: CYX
Loading: GLH
Loading: GLN
Loading: GLU
Loading: GLY
Loading: HID
Loading: HIE
Loading: HIP
Loading: ILE
Loading: LEU
Loading: LYN
Loading: LYS
Loading: MET
Loading: PHE
Loading: PRO
Loading: SER
Loading: THR
Loading: TRP
Loading: TYR
Loading: VAL
>> loadOff all_aminoct94ildn.lib
Loading library: /home/giacomo/miniconda3/envs/FAT_test/bin/../dat/leap/lib/all_aminoct94ildn.lib
Loading: CALA
Loading: CARG
Loading: CASN
Loading: CASP
Loading: CCYS
Loading: CCYX
Loading: CGLN
Loading: CGLU
Loading: CGLY
Loading: CHID
Loading: CHIE
Loading: CHIP
Loading: CILE
Loading: CLEU
Loading: CLYS
Loading: CMET
Loading: CPHE
Loading: CPRO
Loading: CSER
Loading: CTHR
Loading: CTRP
Loading: CTYR
Loading: CVAL
Loading: NHE
Loading: NME
>> loadOff all_aminont94ildn.lib
Loading library: /home/giacomo/miniconda3/envs/FAT_test/bin/../dat/leap/lib/all_aminont94ildn.lib
Loading: ACE
Loading: NALA
Loading: NARG
Loading: NASN
Loading: NASP
Loading: NCYS
Loading: NCYX
Loading: NGLN
Loading: NGLU
Loading: NGLY
Loading: NHID
Loading: NHIE
Loading: NHIP
Loading: NILE
Loading: NLEU
Loading: NLYS
Loading: NMET
Loading: NPHE
Loading: NPRO
Loading: NSER
Loading: NTHR
Loading: NTRP
Loading: NTYR
Loading: NVAL
>> #
>> #       Load water and ions
>> # 
>> loadOff ions94.lib
Loading library: /home/giacomo/miniconda3/envs/FAT_test/bin/../dat/leap/lib/ions94.lib
Loading: CIO
Loading: Cl-
Loading: Cs+
Loading: IB
Loading: K+
Loading: Li+
Loading: MG2
Loading: Na+
Loading: Rb+
>> loadOff solvents.lib
Loading library: /home/giacomo/miniconda3/envs/FAT_test/bin/../dat/leap/lib/solvents.lib
Loading: CHCL3BOX
Loading: DC4
Loading: FB3
Loading: FB3BOX
Loading: FB4
Loading: FB4BOX
Loading: MEOHBOX
Loading: NMABOX
Loading: OPC
Loading: OPCBOX
Loading: PL3
Loading: POL3BOX
Loading: QSPCFWBOX
Loading: SPC
Loading: SPCBOX
Loading: SPCFWBOX
Loading: SPF
Loading: SPG
Loading: T4E
Loading: TIP3PBOX
Loading: TIP3PFBOX
Loading: TIP4PBOX
Loading: TIP4PEWBOX
Loading: TIP5PBOX
Loading: TP3
Loading: TP4
Loading: TP5
Loading: TPF
>> HOH = TP3
>> WAT = TP3
>> 
>> #
>> #	Define the PDB name map for the amino acids and DNA.
>> #
>> addPdbResMap {
>>   { 0 "ALA" "NALA" } { 1 "ALA" "CALA" }
>>   { 0 "ARG" "NARG" } { 1 "ARG" "CARG" }
>>   { 0 "ASN" "NASN" } { 1 "ASN" "CASN" }
>>   { 0 "ASP" "NASP" } { 1 "ASP" "CASP" }
>>   { 0 "CYS" "NCYS" } { 1 "CYS" "CCYS" }
>>   { 0 "CYX" "NCYX" } { 1 "CYX" "CCYX" }
>>   { 0 "GLN" "NGLN" } { 1 "GLN" "CGLN" }
>>   { 0 "GLU" "NGLU" } { 1 "GLU" "CGLU" }
>>   { 0 "GLY" "NGLY" } { 1 "GLY" "CGLY" }
>>   { 0 "HID" "NHID" } { 1 "HID" "CHID" }
>>   { 0 "HIE" "NHIE" } { 1 "HIE" "CHIE" }
>>   { 0 "HIP" "NHIP" } { 1 "HIP" "CHIP" }
>>   { 0 "ILE" "NILE" } { 1 "ILE" "CILE" }
>>   { 0 "LEU" "NLEU" } { 1 "LEU" "CLEU" }
>>   { 0 "LYS" "NLYS" } { 1 "LYS" "CLYS" }
>>   { 0 "MET" "NMET" } { 1 "MET" "CMET" }
>>   { 0 "PHE" "NPHE" } { 1 "PHE" "CPHE" }
>>   { 0 "PRO" "NPRO" } { 1 "PRO" "CPRO" }
>>   { 0 "SER" "NSER" } { 1 "SER" "CSER" }
>>   { 0 "THR" "NTHR" } { 1 "THR" "CTHR" }
>>   { 0 "TRP" "NTRP" } { 1 "TRP" "CTRP" }
>>   { 0 "TYR" "NTYR" } { 1 "TYR" "CTYR" }
>>   { 0 "VAL" "NVAL" } { 1 "VAL" "CVAL" }
>>   { 0 "HIS" "NHIS" } { 1 "HIS" "CHIS" }
>>   { 0 "GUA" "DG5"  } { 1 "GUA" "DG3"  } { "GUA" "DG" }
>>   { 0 "ADE" "DA5"  } { 1 "ADE" "DA3"  } { "ADE" "DA" }
>>   { 0 "CYT" "DC5"  } { 1 "CYT" "DC3"  } { "CYT" "DC" }
>>   { 0 "THY" "DT5"  } { 1 "THY" "DT3"  } { "THY" "DT" }
>>   { 0 "G" "RG5"  } { 1 "G" "RG3"  } { "G" "RG" } { "GN" "RGN" }
>>   { 0 "A" "RA5"  } { 1 "A" "RA3"  } { "A" "RA" } { "AN" "RAN" }
>>   { 0 "C" "RC5"  } { 1 "C" "RC3"  } { "C" "RC" } { "CN" "RCN" }
>>   { 0 "U" "RU5"  } { 1 "U" "RU3"  } { "U" "RU" } { "UN" "RUN" }
>>   { 0 "DG" "DG5"  } { 1 "DG" "DG3"  }  
>>   { 0 "DA" "DA5"  } { 1 "DA" "DA3"  }  
>>   { 0 "DC" "DC5"  } { 1 "DC" "DC3"  }  
>>   { 0 "DT" "DT5"  } { 1 "DT" "DT3"  }
>> 
>> }
>> 
>> addPdbAtomMap {
>>   { "O5*" "O5'" }
>>   { "C5*" "C5'" }
>>   { "C4*" "C4'" }
>>   { "O4*" "O4'" }
>>   { "C3*" "C3'" }
>>   { "O3*" "O3'" }
>>   { "C2*" "C2'" }
>>   { "C1*" "C1'" }
>>   { "C5M" "C7"  }
>>   { "O2*" "O2'" }
>>   { "H1*" "H1'" }
>>   { "H2*1" "H2'1" }
>>   { "H2*2" "H2'2" }
>>   { "H2'"  "H2'1" }
>>   { "H2''" "H2'2" }
>>   { "H3*" "H3'" }
>>   { "H4*" "H4'" }
>>   { "H5*1" "H5'1" }
>>   { "H5*2" "H5'2" }
>>   { "H5'"  "H5'1" }
>>   { "H5''" "H5'2" }
>>   { "HO2'" "HO'2" }
>>   { "HO5'" "H5T" }
>>   { "HO3'" "H3T" }
>>   { "O1'" "O4'" }
>>   { "OA"  "O1P" }
>>   { "OB"  "O2P" }
>>   { "OP1" "O1P" }
>>   { "OP2" "O2P" }
>> }
>> 
>> 
>> #
>> # assumed that most often proteins use HIE
>> #
>> NHIS = NHIE
>> HIS = HIE
>> CHIS = CHIE
> 
> source leaprc.water.spce
----- Source: /home/giacomo/miniconda3/envs/FAT_test/bin/../dat/leap/cmd/leaprc.water.spce
----- Source of /home/giacomo/miniconda3/envs/FAT_test/bin/../dat/leap/cmd/leaprc.water.spce done
>> #
>> #       Load water and ions for SPC/E + Joung-Chetham monovalent ions
>> #       + Li/Merz highly charged ions (+2 to +4, 12-6 normal usage set)
>> #
>> addAtomTypes {
>> 	{ "F-"   "F" "sp3" }
>> 	{ "Cl-"  "Cl" "sp3" }
>> 	{ "Br-"  "Br" "sp3" }
>> 	{ "I-"   "I"  "sp3" }
>> 	{ "Li+"  "Li"  "sp3" }
>> 	{ "Na+"  "Na"  "sp3" }
>> 	{ "K+"  "K"  "sp3" }
>> 	{ "Rb+"  "Rb"  "sp3" }
>> 	{ "Cs+"  "Cs"  "sp3" }
>> 	{ "Mg+"  "Mg"  "sp3" }
>>     { "Tl+"  "Tl"  "sp3" }
>>     { "Cu+"  "Cu"  "sp3" }
>>     { "Ag+"  "Ag"  "sp3" }
>>     { "Be2+" "Be"  "sp3" }
>>     { "Cu2+" "Cu"  "sp3" }
>>     { "Ni2+" "Ni"  "sp3" }
>>     { "Pt2+" "Pt"  "sp3" }
>>     { "Zn2+" "Zn"  "sp3" }
>>     { "Co2+" "Co"  "sp3" }
>>     { "Pd2+" "Pd"  "sp3" }
>>     { "Ag2+" "Ag"  "sp3" }
>>     { "Cr2+" "Cr"  "sp3" }
>>     { "Fe2+" "Fe"  "sp3" }
>>     { "Mg2+" "Mg"  "sp3" }
>>     { "V2+"  "V"   "sp3" }
>>     { "Mn2+" "Mn"  "sp3" }
>>     { "Hg2+" "Hg"  "sp3" }
>>     { "Cd2+" "Cd"  "sp3" }
>>     { "Yb2+" "Yb"  "sp3" }
>>     { "Ca2+" "Ca"  "sp3" }
>>     { "Sn2+" "Sn"  "sp3" }
>>     { "Pb2+" "Pb"  "sp3" }
>>     { "Eu2+" "Eu"  "sp3" }
>>     { "Sr2+" "Sr"  "sp3" }
>>     { "Sm2+" "Sm"  "sp3" }
>>     { "Ba2+" "Ba"  "sp3" }
>>     { "Ra2+" "Ra"  "sp3" }
>>     { "Al3+" "Al"  "sp3" }
>>     { "Fe3+" "Fe"  "sp3" }
>>     { "Cr3+" "Cr"  "sp3" }
>>     { "In3+" "In"  "sp3" }
>>     { "Tl3+" "Tl"  "sp3" }
>>     { "Y3+"  "Y"   "sp3" }
>>     { "La3+" "La"  "sp3" }
>>     { "Ce3+" "Ce"  "sp3" }
>>     { "Pr3+" "Pr"  "sp3" }
>>     { "Nd3+" "Nd"  "sp3" }
>>     { "Sm3+" "Sm"  "sp3" }
>>     { "Eu3+" "Eu"  "sp3" }
>>     { "Gd3+" "Gd"  "sp3" }
>>     { "Tb3+" "Tb"  "sp3" }
>>     { "Dy3+" "Dy"  "sp3" }
>>     { "Er3+" "Er"  "sp3" }
>>     { "Tm3+" "Tm"  "sp3" }
>>     { "Lu3+" "Lu"  "sp3" }
>>     { "Hf4+" "Hf"  "sp3" }
>>     { "Zr4+" "Zr"  "sp3" }
>>     { "Ce4+" "Ce"  "sp3" }
>>     { "U4+"  "U"   "sp3" }
>>     { "Pu4+" "Pu"  "sp3" }
>>     { "Th4+" "Th"  "sp3" }
>> }
>> loadOff atomic_ions.lib
Loading library: /home/giacomo/miniconda3/envs/FAT_test/bin/../dat/leap/lib/atomic_ions.lib
Loading: AG
Loading: AL
Loading: Ag
Loading: BA
Loading: BR
Loading: Be
Loading: CA
Loading: CD
Loading: CE
Loading: CL
Loading: CO
Loading: CR
Loading: CS
Loading: CU
Loading: CU1
Loading: Ce
Loading: Cl-
Loading: Cr
Loading: Dy
Loading: EU
Loading: EU3
Loading: Er
Loading: F
Loading: FE
Loading: FE2
Loading: GD3
Loading: H3O+
Loading: HE+
Loading: HG
Loading: HZ+
Loading: Hf
Loading: IN
Loading: IOD
Loading: K
Loading: K+
Loading: LA
Loading: LI
Loading: LU
Loading: MG
Loading: MN
Loading: NA
Loading: NH4
Loading: NI
Loading: Na+
Loading: Nd
Loading: PB
Loading: PD
Loading: PR
Loading: PT
Loading: Pu
Loading: RB
Loading: Ra
Loading: SM
Loading: SR
Loading: Sm
Loading: Sn
Loading: TB
Loading: TL
Loading: Th
Loading: Tl
Loading: Tm
Loading: U4+
Loading: V2+
Loading: Y
Loading: YB2
Loading: ZN
Loading: Zr
>> loadOff solvents.lib
Loading library: /home/giacomo/miniconda3/envs/FAT_test/bin/../dat/leap/lib/solvents.lib
Loading: CHCL3BOX
Loading: DC4
Loading: FB3
Loading: FB3BOX
Loading: FB4
Loading: FB4BOX
Loading: MEOHBOX
Loading: NMABOX
Loading: OPC
Loading: OPCBOX
Loading: PL3
Loading: POL3BOX
Loading: QSPCFWBOX
Loading: SPC
Loading: SPCBOX
Loading: SPCFWBOX
Loading: SPF
Loading: SPG
Loading: T4E
Loading: TIP3PBOX
Loading: TIP3PFBOX
Loading: TIP4PBOX
Loading: TIP4PEWBOX
Loading: TIP5PBOX
Loading: TP3
Loading: TP4
Loading: TP5
Loading: TPF
>> HOH = SPC
>> WAT = SPC
>> loadAmberParams frcmod.spce
Loading parameters: /home/giacomo/miniconda3/envs/FAT_test/bin/../dat/leap/parm/frcmod.spce
Reading force field modification type file (frcmod)
Reading title:
This is the additional/replacement parameter set for SPC/E water
>> loadAmberParams frcmod.ionsjc_spce
Loading parameters: /home/giacomo/miniconda3/envs/FAT_test/bin/../dat/leap/parm/frcmod.ionsjc_spce
Reading force field modification type file (frcmod)
Reading title:
Monovalent ion parameters for Ewald and SPC/E water from Joung & Cheatham JPCB (2008)
>> loadAmberParams frcmod.ions234lm_126_spce
Loading parameters: /home/giacomo/miniconda3/envs/FAT_test/bin/../dat/leap/parm/frcmod.ions234lm_126_spce
Reading force field modification type file (frcmod)
Reading title:
Li/Merz ion parameters of divalent to tetravalent ions for SPC/E water model (12-6 normal usage set)
>> 
> 
> LIG = loadmol2 /home/giacomo/Documents/hPARP-1/RUN_3/ligands/Etoposide/LIG.mol2
Loading Mol2 file: /home/giacomo/Documents/hPARP-1/RUN_3/ligands/Etoposide/LIG.mol2
Reading MOLECULE named LIG
> loadamberparams /home/giacomo/Documents/hPARP-1/RUN_3/ligands/Etoposide/LIG.frcmod
Loading parameters: /home/giacomo/Documents/hPARP-1/RUN_3/ligands/Etoposide/LIG.frcmod
Reading force field modification type file (frcmod)
Reading title:
Remark line goes here
> complex = loadpdb /home/giacomo/Documents/hPARP-1/RUN_3/complexes/hPARP-1_Etoposide/hPARP-1_Etoposide_protein_1.pdb
Loading PDB file: /home/giacomo/Documents/hPARP-1/RUN_3/complexes/hPARP-1_Etoposide/hPARP-1_Etoposide_protein_1.pdb
Enter zPdbReadScan from call depth  0.
Exit  zPdbReadScan from call depth  0.
Matching PDB residue names to LEaP variables.
Mapped residue LYS, term: Terminal/beginning, seq. number: 0 to: NLYS.
(Residue 1: SER, Nonterminal, was not found in name map.)
(Residue 2: LYS, Nonterminal, was not found in name map.)
(Residue 3: LEU, Nonterminal, was not found in name map.)
(Residue 4: PRO, Nonterminal, was not found in name map.)
(Residue 5: LYS, Nonterminal, was not found in name map.)
(Residue 6: PRO, Nonterminal, was not found in name map.)
(Residue 7: VAL, Nonterminal, was not found in name map.)
(Residue 8: GLN, Nonterminal, was not found in name map.)
(Residue 9: ASP, Nonterminal, was not found in name map.)
(Residue 10: LEU, Nonterminal, was not found in name map.)
(Residue 11: ILE, Nonterminal, was not found in name map.)
(Residue 12: LYS, Nonterminal, was not found in name map.)
(Residue 13: MET, Nonterminal, was not found in name map.)
(Residue 14: ILE, Nonterminal, was not found in name map.)
(Residue 15: PHE, Nonterminal, was not found in name map.)
(Residue 16: ASP, Nonterminal, was not found in name map.)
(Residue 17: VAL, Nonterminal, was not found in name map.)
(Residue 18: GLU, Nonterminal, was not found in name map.)
(Residue 19: SER, Nonterminal, was not found in name map.)
(Residue 20: MET, Nonterminal, was not found in name map.)
(Residue 21: LYS, Nonterminal, was not found in name map.)
(Residue 22: LYS, Nonterminal, was not found in name map.)
(Residue 23: ALA, Nonterminal, was not found in name map.)
(Residue 24: MET, Nonterminal, was not found in name map.)
(Residue 25: VAL, Nonterminal, was not found in name map.)
(Residue 26: GLU, Nonterminal, was not found in name map.)
(Residue 27: TYR, Nonterminal, was not found in name map.)
(Residue 28: GLU, Nonterminal, was not found in name map.)
(Residue 29: ILE, Nonterminal, was not found in name map.)
(Residue 30: ASP, Nonterminal, was not found in name map.)
(Residue 31: LEU, Nonterminal, was not found in name map.)
(Residue 32: GLN, Nonterminal, was not found in name map.)
(Residue 33: LYS, Nonterminal, was not found in name map.)
(Residue 34: MET, Nonterminal, was not found in name map.)
(Residue 35: PRO, Nonterminal, was not found in name map.)
(Residue 36: LEU, Nonterminal, was not found in name map.)
(Residue 37: GLY, Nonterminal, was not found in name map.)
(Residue 38: LYS, Nonterminal, was not found in name map.)
(Residue 39: LEU, Nonterminal, was not found in name map.)
(Residue 40: SER, Nonterminal, was not found in name map.)
(Residue 41: LYS, Nonterminal, was not found in name map.)
(Residue 42: ARG, Nonterminal, was not found in name map.)
(Residue 43: GLN, Nonterminal, was not found in name map.)
(Residue 44: ILE, Nonterminal, was not found in name map.)
(Residue 45: GLN, Nonterminal, was not found in name map.)
(Residue 46: ALA, Nonterminal, was not found in name map.)
(Residue 47: ALA, Nonterminal, was not found in name map.)
(Residue 48: TYR, Nonterminal, was not found in name map.)
(Residue 49: SER, Nonterminal, was not found in name map.)
(Residue 50: ILE, Nonterminal, was not found in name map.)
(Residue 51: LEU, Nonterminal, was not found in name map.)
(Residue 52: SER, Nonterminal, was not found in name map.)
(Residue 53: GLU, Nonterminal, was not found in name map.)
(Residue 54: VAL, Nonterminal, was not found in name map.)
(Residue 55: GLN, Nonterminal, was not found in name map.)
(Residue 56: GLN, Nonterminal, was not found in name map.)
(Residue 57: ALA, Nonterminal, was not found in name map.)
(Residue 58: VAL, Nonterminal, was not found in name map.)
(Residue 59: SER, Nonterminal, was not found in name map.)
(Residue 60: GLN, Nonterminal, was not found in name map.)
(Residue 61: GLY, Nonterminal, was not found in name map.)
(Residue 62: SER, Nonterminal, was not found in name map.)
(Residue 63: SER, Nonterminal, was not found in name map.)
(Residue 64: ASP, Nonterminal, was not found in name map.)
(Residue 65: SER, Nonterminal, was not found in name map.)
(Residue 66: GLN, Nonterminal, was not found in name map.)
(Residue 67: ILE, Nonterminal, was not found in name map.)
(Residue 68: LEU, Nonterminal, was not found in name map.)
(Residue 69: ASP, Nonterminal, was not found in name map.)
(Residue 70: LEU, Nonterminal, was not found in name map.)
(Residue 71: SER, Nonterminal, was not found in name map.)
(Residue 72: ASN, Nonterminal, was not found in name map.)
(Residue 73: ARG, Nonterminal, was not found in name map.)
(Residue 74: PHE, Nonterminal, was not found in name map.)
(Residue 75: TYR, Nonterminal, was not found in name map.)
(Residue 76: THR, Nonterminal, was not found in name map.)
(Residue 77: LEU, Nonterminal, was not found in name map.)
(Residue 78: ILE, Nonterminal, was not found in name map.)
(Residue 79: PRO, Nonterminal, was not found in name map.)
(Residue 80: HIE, Nonterminal, was not found in name map.)
(Residue 81: ASP, Nonterminal, was not found in name map.)
(Residue 82: PHE, Nonterminal, was not found in name map.)
(Residue 83: GLY, Nonterminal, was not found in name map.)
(Residue 84: MET, Nonterminal, was not found in name map.)
(Residue 85: LYS, Nonterminal, was not found in name map.)
(Residue 86: LYS, Nonterminal, was not found in name map.)
(Residue 87: PRO, Nonterminal, was not found in name map.)
(Residue 88: PRO, Nonterminal, was not found in name map.)
(Residue 89: LEU, Nonterminal, was not found in name map.)
(Residue 90: LEU, Nonterminal, was not found in name map.)
(Residue 91: ASN, Nonterminal, was not found in name map.)
(Residue 92: ASN, Nonterminal, was not found in name map.)
(Residue 93: ALA, Nonterminal, was not found in name map.)
(Residue 94: ASP, Nonterminal, was not found in name map.)
(Residue 95: SER, Nonterminal, was not found in name map.)
(Residue 96: VAL, Nonterminal, was not found in name map.)
(Residue 97: GLN, Nonterminal, was not found in name map.)
(Residue 98: ALA, Nonterminal, was not found in name map.)
(Residue 99: LYS, Nonterminal, was not found in name map.)
(Residue 100: ALA, Nonterminal, was not found in name map.)
(Residue 101: GLU, Nonterminal, was not found in name map.)
(Residue 102: MET, Nonterminal, was not found in name map.)
(Residue 103: LEU, Nonterminal, was not found in name map.)
(Residue 104: ASP, Nonterminal, was not found in name map.)
(Residue 105: ASN, Nonterminal, was not found in name map.)
(Residue 106: LEU, Nonterminal, was not found in name map.)
(Residue 107: LEU, Nonterminal, was not found in name map.)
(Residue 108: ASP, Nonterminal, was not found in name map.)
(Residue 109: ILE, Nonterminal, was not found in name map.)
(Residue 110: GLU, Nonterminal, was not found in name map.)
(Residue 111: VAL, Nonterminal, was not found in name map.)
(Residue 112: ALA, Nonterminal, was not found in name map.)
(Residue 113: TYR, Nonterminal, was not found in name map.)
(Residue 114: SER, Nonterminal, was not found in name map.)
(Residue 115: LEU, Nonterminal, was not found in name map.)
(Residue 116: LEU, Nonterminal, was not found in name map.)
(Residue 117: ARG, Nonterminal, was not found in name map.)
(Residue 118: GLY, Nonterminal, was not found in name map.)
(Residue 119: GLY, Nonterminal, was not found in name map.)
(Residue 120: SER, Nonterminal, was not found in name map.)
(Residue 121: ASP, Nonterminal, was not found in name map.)
(Residue 122: SER, Nonterminal, was not found in name map.)
(Residue 123: LYS, Nonterminal, was not found in name map.)
(Residue 124: ASP, Nonterminal, was not found in name map.)
(Residue 125: PRO, Nonterminal, was not found in name map.)
(Residue 126: ILE, Nonterminal, was not found in name map.)
(Residue 127: ASP, Nonterminal, was not found in name map.)
(Residue 128: VAL, Nonterminal, was not found in name map.)
(Residue 129: ASN, Nonterminal, was not found in name map.)
(Residue 130: TYR, Nonterminal, was not found in name map.)
(Residue 131: GLU, Nonterminal, was not found in name map.)
(Residue 132: LYS, Nonterminal, was not found in name map.)
(Residue 133: LEU, Nonterminal, was not found in name map.)
(Residue 134: LYS, Nonterminal, was not found in name map.)
(Residue 135: THR, Nonterminal, was not found in name map.)
(Residue 136: ASP, Nonterminal, was not found in name map.)
(Residue 137: ILE, Nonterminal, was not found in name map.)
(Residue 138: LYS, Nonterminal, was not found in name map.)
(Residue 139: VAL, Nonterminal, was not found in name map.)
(Residue 140: VAL, Nonterminal, was not found in name map.)
(Residue 141: ASP, Nonterminal, was not found in name map.)
(Residue 142: ARG, Nonterminal, was not found in name map.)
(Residue 143: ASP, Nonterminal, was not found in name map.)
(Residue 144: SER, Nonterminal, was not found in name map.)
(Residue 145: GLU, Nonterminal, was not found in name map.)
(Residue 146: GLU, Nonterminal, was not found in name map.)
(Residue 147: ALA, Nonterminal, was not found in name map.)
(Residue 148: GLU, Nonterminal, was not found in name map.)
(Residue 149: ILE, Nonterminal, was not found in name map.)
(Residue 150: ILE, Nonterminal, was not found in name map.)
(Residue 151: ARG, Nonterminal, was not found in name map.)
(Residue 152: LYS, Nonterminal, was not found in name map.)
(Residue 153: TYR, Nonterminal, was not found in name map.)
(Residue 154: VAL, Nonterminal, was not found in name map.)
(Residue 155: LYS, Nonterminal, was not found in name map.)
(Residue 156: ASN, Nonterminal, was not found in name map.)
(Residue 157: THR, Nonterminal, was not found in name map.)
(Residue 158: HIE, Nonterminal, was not found in name map.)
(Residue 159: ALA, Nonterminal, was not found in name map.)
(Residue 160: THR, Nonterminal, was not found in name map.)
(Residue 161: THR, Nonterminal, was not found in name map.)
(Residue 162: HIE, Nonterminal, was not found in name map.)
(Residue 163: ASN, Nonterminal, was not found in name map.)
(Residue 164: ALA, Nonterminal, was not found in name map.)
(Residue 165: TYR, Nonterminal, was not found in name map.)
(Residue 166: ASP, Nonterminal, was not found in name map.)
(Residue 167: LEU, Nonterminal, was not found in name map.)
(Residue 168: GLU, Nonterminal, was not found in name map.)
(Residue 169: VAL, Nonterminal, was not found in name map.)
(Residue 170: ILE, Nonterminal, was not found in name map.)
(Residue 171: ASP, Nonterminal, was not found in name map.)
(Residue 172: ILE, Nonterminal, was not found in name map.)
(Residue 173: PHE, Nonterminal, was not found in name map.)
(Residue 174: LYS, Nonterminal, was not found in name map.)
(Residue 175: ILE, Nonterminal, was not found in name map.)
(Residue 176: GLU, Nonterminal, was not found in name map.)
(Residue 177: ARG, Nonterminal, was not found in name map.)
(Residue 178: GLU, Nonterminal, was not found in name map.)
(Residue 179: GLY, Nonterminal, was not found in name map.)
(Residue 180: GLU, Nonterminal, was not found in name map.)
(Residue 181: CYS, Nonterminal, was not found in name map.)
(Residue 182: GLN, Nonterminal, was not found in name map.)
(Residue 183: ARG, Nonterminal, was not found in name map.)
(Residue 184: TYR, Nonterminal, was not found in name map.)
(Residue 185: LYS, Nonterminal, was not found in name map.)
(Residue 186: PRO, Nonterminal, was not found in name map.)
(Residue 187: PHE, Nonterminal, was not found in name map.)
(Residue 188: LYS, Nonterminal, was not found in name map.)
(Residue 189: GLN, Nonterminal, was not found in name map.)
(Residue 190: LEU, Nonterminal, was not found in name map.)
(Residue 191: HIE, Nonterminal, was not found in name map.)
(Residue 192: ASN, Nonterminal, was not found in name map.)
(Residue 193: ARG, Nonterminal, was not found in name map.)
(Residue 194: ARG, Nonterminal, was not found in name map.)
(Residue 195: LEU, Nonterminal, was not found in name map.)
(Residue 196: LEU, Nonterminal, was not found in name map.)
(Residue 197: TRP, Nonterminal, was not found in name map.)
(Residue 198: HIE, Nonterminal, was not found in name map.)
(Residue 199: GLY, Nonterminal, was not found in name map.)
(Residue 200: SER, Nonterminal, was not found in name map.)
(Residue 201: ARG, Nonterminal, was not found in name map.)
(Residue 202: THR, Nonterminal, was not found in name map.)
(Residue 203: THR, Nonterminal, was not found in name map.)
(Residue 204: ASN, Nonterminal, was not found in name map.)
(Residue 205: PHE, Nonterminal, was not found in name map.)
(Residue 206: ALA, Nonterminal, was not found in name map.)
(Residue 207: GLY, Nonterminal, was not found in name map.)
(Residue 208: ILE, Nonterminal, was not found in name map.)
(Residue 209: LEU, Nonterminal, was not found in name map.)
(Residue 210: SER, Nonterminal, was not found in name map.)
(Residue 211: GLN, Nonterminal, was not found in name map.)
(Residue 212: GLY, Nonterminal, was not found in name map.)
(Residue 213: LEU, Nonterminal, was not found in name map.)
(Residue 214: ARG, Nonterminal, was not found in name map.)
(Residue 215: ILE, Nonterminal, was not found in name map.)
(Residue 216: ALA, Nonterminal, was not found in name map.)
(Residue 217: PRO, Nonterminal, was not found in name map.)
(Residue 218: PRO, Nonterminal, was not found in name map.)
(Residue 219: GLU, Nonterminal, was not found in name map.)
(Residue 220: ALA, Nonterminal, was not found in name map.)
(Residue 221: PRO, Nonterminal, was not found in name map.)
(Residue 222: VAL, Nonterminal, was not found in name map.)
(Residue 223: THR, Nonterminal, was not found in name map.)
(Residue 224: GLY, Nonterminal, was not found in name map.)
(Residue 225: TYR, Nonterminal, was not found in name map.)
(Residue 226: MET, Nonterminal, was not found in name map.)
(Residue 227: PHE, Nonterminal, was not found in name map.)
(Residue 228: GLY, Nonterminal, was not found in name map.)
(Residue 229: LYS, Nonterminal, was not found in name map.)
(Residue 230: GLY, Nonterminal, was not found in name map.)
(Residue 231: ILE, Nonterminal, was not found in name map.)
(Residue 232: TYR, Nonterminal, was not found in name map.)
(Residue 233: PHE, Nonterminal, was not found in name map.)
(Residue 234: ALA, Nonterminal, was not found in name map.)
(Residue 235: ASP, Nonterminal, was not found in name map.)
(Residue 236: MET, Nonterminal, was not found in name map.)
(Residue 237: VAL, Nonterminal, was not found in name map.)
(Residue 238: SER, Nonterminal, was not found in name map.)
(Residue 239: LYS, Nonterminal, was not found in name map.)
(Residue 240: SER, Nonterminal, was not found in name map.)
(Residue 241: ALA, Nonterminal, was not found in name map.)
(Residue 242: ASN, Nonterminal, was not found in name map.)
(Residue 243: TYR, Nonterminal, was not found in name map.)
(Residue 244: CYS, Nonterminal, was not found in name map.)
(Residue 245: HIE, Nonterminal, was not found in name map.)
(Residue 246: THR, Nonterminal, was not found in name map.)
(Residue 247: SER, Nonterminal, was not found in name map.)
(Residue 248: GLN, Nonterminal, was not found in name map.)
(Residue 249: GLY, Nonterminal, was not found in name map.)
(Residue 250: ASP, Nonterminal, was not found in name map.)
(Residue 251: PRO, Nonterminal, was not found in name map.)
(Residue 252: ILE, Nonterminal, was not found in name map.)
(Residue 253: GLY, Nonterminal, was not found in name map.)
(Residue 254: LEU, Nonterminal, was not found in name map.)
(Residue 255: ILE, Nonterminal, was not found in name map.)
(Residue 256: LEU, Nonterminal, was not found in name map.)
(Residue 257: LEU, Nonterminal, was not found in name map.)
(Residue 258: GLY, Nonterminal, was not found in name map.)
(Residue 259: GLU, Nonterminal, was not found in name map.)
(Residue 260: VAL, Nonterminal, was not found in name map.)
(Residue 261: ALA, Nonterminal, was not found in name map.)
(Residue 262: LEU, Nonterminal, was not found in name map.)
(Residue 263: GLY, Nonterminal, was not found in name map.)
(Residue 264: ASN, Nonterminal, was not found in name map.)
(Residue 265: MET, Nonterminal, was not found in name map.)
(Residue 266: TYR, Nonterminal, was not found in name map.)
(Residue 267: GLU, Nonterminal, was not found in name map.)
(Residue 268: LEU, Nonterminal, was not found in name map.)
(Residue 269: LYS, Nonterminal, was not found in name map.)
(Residue 270: HIE, Nonterminal, was not found in name map.)
(Residue 271: ALA, Nonterminal, was not found in name map.)
(Residue 272: SER, Nonterminal, was not found in name map.)
(Residue 273: HIE, Nonterminal, was not found in name map.)
(Residue 274: ILE, Nonterminal, was not found in name map.)
(Residue 275: SER, Nonterminal, was not found in name map.)
(Residue 276: LYS, Nonterminal, was not found in name map.)
(Residue 277: LEU, Nonterminal, was not found in name map.)
(Residue 278: PRO, Nonterminal, was not found in name map.)
(Residue 279: LYS, Nonterminal, was not found in name map.)
(Residue 280: GLY, Nonterminal, was not found in name map.)
(Residue 281: LYS, Nonterminal, was not found in name map.)
(Residue 282: HIE, Nonterminal, was not found in name map.)
(Residue 283: SER, Nonterminal, was not found in name map.)
(Residue 284: VAL, Nonterminal, was not found in name map.)
(Residue 285: LYS, Nonterminal, was not found in name map.)
(Residue 286: GLY, Nonterminal, was not found in name map.)
(Residue 287: LEU, Nonterminal, was not found in name map.)
(Residue 288: GLY, Nonterminal, was not found in name map.)
(Residue 289: LYS, Nonterminal, was not found in name map.)
(Residue 290: THR, Nonterminal, was not found in name map.)
(Residue 291: THR, Nonterminal, was not found in name map.)
(Residue 292: PRO, Nonterminal, was not found in name map.)
(Residue 293: ASP, Nonterminal, was not found in name map.)
(Residue 294: PRO, Nonterminal, was not found in name map.)
(Residue 295: SER, Nonterminal, was not found in name map.)
(Residue 296: ALA, Nonterminal, was not found in name map.)
(Residue 297: ASN, Nonterminal, was not found in name map.)
(Residue 298: ILE, Nonterminal, was not found in name map.)
(Residue 299: SER, Nonterminal, was not found in name map.)
(Residue 300: LEU, Nonterminal, was not found in name map.)
(Residue 301: ASP, Nonterminal, was not found in name map.)
(Residue 302: GLY, Nonterminal, was not found in name map.)
(Residue 303: VAL, Nonterminal, was not found in name map.)
(Residue 304: ASP, Nonterminal, was not found in name map.)
(Residue 305: VAL, Nonterminal, was not found in name map.)
(Residue 306: PRO, Nonterminal, was not found in name map.)
(Residue 307: LEU, Nonterminal, was not found in name map.)
(Residue 308: GLY, Nonterminal, was not found in name map.)
(Residue 309: THR, Nonterminal, was not found in name map.)
(Residue 310: GLY, Nonterminal, was not found in name map.)
(Residue 311: ILE, Nonterminal, was not found in name map.)
(Residue 312: SER, Nonterminal, was not found in name map.)
(Residue 313: SER, Nonterminal, was not found in name map.)
(Residue 314: GLY, Nonterminal, was not found in name map.)
(Residue 315: VAL, Nonterminal, was not found in name map.)
(Residue 316: ASN, Nonterminal, was not found in name map.)
(Residue 317: ASP, Nonterminal, was not found in name map.)
(Residue 318: THR, Nonterminal, was not found in name map.)
(Residue 319: SER, Nonterminal, was not found in name map.)
(Residue 320: LEU, Nonterminal, was not found in name map.)
(Residue 321: LEU, Nonterminal, was not found in name map.)
(Residue 322: TYR, Nonterminal, was not found in name map.)
(Residue 323: ASN, Nonterminal, was not found in name map.)
(Residue 324: GLU, Nonterminal, was not found in name map.)
(Residue 325: TYR, Nonterminal, was not found in name map.)
(Residue 326: ILE, Nonterminal, was not found in name map.)
(Residue 327: VAL, Nonterminal, was not found in name map.)
(Residue 328: TYR, Nonterminal, was not found in name map.)
(Residue 329: ASP, Nonterminal, was not found in name map.)
(Residue 330: ILE, Nonterminal, was not found in name map.)
(Residue 331: ALA, Nonterminal, was not found in name map.)
(Residue 332: GLN, Nonterminal, was not found in name map.)
(Residue 333: VAL, Nonterminal, was not found in name map.)
(Residue 334: ASN, Nonterminal, was not found in name map.)
(Residue 335: LEU, Nonterminal, was not found in name map.)
(Residue 336: LYS, Nonterminal, was not found in name map.)
(Residue 337: TYR, Nonterminal, was not found in name map.)
(Residue 338: LEU, Nonterminal, was not found in name map.)
(Residue 339: LEU, Nonterminal, was not found in name map.)
(Residue 340: LYS, Nonterminal, was not found in name map.)
(Residue 341: LEU, Nonterminal, was not found in name map.)
(Residue 342: LYS, Nonterminal, was not found in name map.)
(Residue 343: PHE, Nonterminal, was not found in name map.)
(Residue 344: ASN, Nonterminal, was not found in name map.)
(Residue 345: PHE, Nonterminal, was not found in name map.)
Mapped residue LYS, term: Terminal/last, seq. number: 346 to: CLYS.
(Residue 347: LIG, Terminal/last, was not found in name map.)
Joining NLYS - SER
Joining SER - LYS
Joining LYS - LEU
Joining LEU - PRO
Joining PRO - LYS
Joining LYS - PRO
Joining PRO - VAL
Joining VAL - GLN
Joining GLN - ASP
Joining ASP - LEU
Joining LEU - ILE
Joining ILE - LYS
Joining LYS - MET
Joining MET - ILE
Joining ILE - PHE
Joining PHE - ASP
Joining ASP - VAL
Joining VAL - GLU
Joining GLU - SER
Joining SER - MET
Joining MET - LYS
Joining LYS - LYS
Joining LYS - ALA
Joining ALA - MET
Joining MET - VAL
Joining VAL - GLU
Joining GLU - TYR
Joining TYR - GLU
Joining GLU - ILE
Joining ILE - ASP
Joining ASP - LEU
Joining LEU - GLN
Joining GLN - LYS
Joining LYS - MET
Joining MET - PRO
Joining PRO - LEU
Joining LEU - GLY
Joining GLY - LYS
Joining LYS - LEU
Joining LEU - SER
Joining SER - LYS
Joining LYS - ARG
Joining ARG - GLN
Joining GLN - ILE
Joining ILE - GLN
Joining GLN - ALA
Joining ALA - ALA
Joining ALA - TYR
Joining TYR - SER
Joining SER - ILE
Joining ILE - LEU
Joining LEU - SER
Joining SER - GLU
Joining GLU - VAL
Joining VAL - GLN
Joining GLN - GLN
Joining GLN - ALA
Joining ALA - VAL
Joining VAL - SER
Joining SER - GLN
Joining GLN - GLY
Joining GLY - SER
Joining SER - SER
Joining SER - ASP
Joining ASP - SER
Joining SER - GLN
Joining GLN - ILE
Joining ILE - LEU
Joining LEU - ASP
Joining ASP - LEU
Joining LEU - SER
Joining SER - ASN
Joining ASN - ARG
Joining ARG - PHE
Joining PHE - TYR
Joining TYR - THR
Joining THR - LEU
Joining LEU - ILE
Joining ILE - PRO
Joining PRO - HIE
Joining HIE - ASP
Joining ASP - PHE
Joining PHE - GLY
Joining GLY - MET
Joining MET - LYS
Joining LYS - LYS
Joining LYS - PRO
Joining PRO - PRO
Joining PRO - LEU
Joining LEU - LEU
Joining LEU - ASN
Joining ASN - ASN
Joining ASN - ALA
Joining ALA - ASP
Joining ASP - SER
Joining SER - VAL
Joining VAL - GLN
Joining GLN - ALA
Joining ALA - LYS
Joining LYS - ALA
Joining ALA - GLU
Joining GLU - MET
Joining MET - LEU
Joining LEU - ASP
Joining ASP - ASN
Joining ASN - LEU
Joining LEU - LEU
Joining LEU - ASP
Joining ASP - ILE
Joining ILE - GLU
Joining GLU - VAL
Joining VAL - ALA
Joining ALA - TYR
Joining TYR - SER
Joining SER - LEU
Joining LEU - LEU
Joining LEU - ARG
Joining ARG - GLY
Joining GLY - GLY
Joining GLY - SER
Joining SER - ASP
Joining ASP - SER
Joining SER - LYS
Joining LYS - ASP
Joining ASP - PRO
Joining PRO - ILE
Joining ILE - ASP
Joining ASP - VAL
Joining VAL - ASN
Joining ASN - TYR
Joining TYR - GLU
Joining GLU - LYS
Joining LYS - LEU
Joining LEU - LYS
Joining LYS - THR
Joining THR - ASP
Joining ASP - ILE
Joining ILE - LYS
Joining LYS - VAL
Joining VAL - VAL
Joining VAL - ASP
Joining ASP - ARG
Joining ARG - ASP
Joining ASP - SER
Joining SER - GLU
Joining GLU - GLU
Joining GLU - ALA
Joining ALA - GLU
Joining GLU - ILE
Joining ILE - ILE
Joining ILE - ARG
Joining ARG - LYS
Joining LYS - TYR
Joining TYR - VAL
Joining VAL - LYS
Joining LYS - ASN
Joining ASN - THR
Joining THR - HIE
Joining HIE - ALA
Joining ALA - THR
Joining THR - THR
Joining THR - HIE
Joining HIE - ASN
Joining ASN - ALA
Joining ALA - TYR
Joining TYR - ASP
Joining ASP - LEU
Joining LEU - GLU
Joining GLU - VAL
Joining VAL - ILE
Joining ILE - ASP
Joining ASP - ILE
Joining ILE - PHE
Joining PHE - LYS
Joining LYS - ILE
Joining ILE - GLU
Joining GLU - ARG
Joining ARG - GLU
Joining GLU - GLY
Joining GLY - GLU
Joining GLU - CYS
Joining CYS - GLN
Joining GLN - ARG
Joining ARG - TYR
Joining TYR - LYS
Joining LYS - PRO
Joining PRO - PHE
Joining PHE - LYS
Joining LYS - GLN
Joining GLN - LEU
Joining LEU - HIE
Joining HIE - ASN
Joining ASN - ARG
Joining ARG - ARG
Joining ARG - LEU
Joining LEU - LEU
Joining LEU - TRP
Joining TRP - HIE
Joining HIE - GLY
Joining GLY - SER
Joining SER - ARG
Joining ARG - THR
Joining THR - THR
Joining THR - ASN
Joining ASN - PHE
Joining PHE - ALA
Joining ALA - GLY
Joining GLY - ILE
Joining ILE - LEU
Joining LEU - SER
Joining SER - GLN
Joining GLN - GLY
Joining GLY - LEU
Joining LEU - ARG
Joining ARG - ILE
Joining ILE - ALA
Joining ALA - PRO
Joining PRO - PRO
Joining PRO - GLU
Joining GLU - ALA
Joining ALA - PRO
Joining PRO - VAL
Joining VAL - THR
Joining THR - GLY
Joining GLY - TYR
Joining TYR - MET
Joining MET - PHE
Joining PHE - GLY
Joining GLY - LYS
Joining LYS - GLY
Joining GLY - ILE
Joining ILE - TYR
Joining TYR - PHE
Joining PHE - ALA
Joining ALA - ASP
Joining ASP - MET
Joining MET - VAL
Joining VAL - SER
Joining SER - LYS
Joining LYS - SER
Joining SER - ALA
Joining ALA - ASN
Joining ASN - TYR
Joining TYR - CYS
Joining CYS - HIE
Joining HIE - THR
Joining THR - SER
Joining SER - GLN
Joining GLN - GLY
Joining GLY - ASP
Joining ASP - PRO
Joining PRO - ILE
Joining ILE - GLY
Joining GLY - LEU
Joining LEU - ILE
Joining ILE - LEU
Joining LEU - LEU
Joining LEU - GLY
Joining GLY - GLU
Joining GLU - VAL
Joining VAL - ALA
Joining ALA - LEU
Joining LEU - GLY
Joining GLY - ASN
Joining ASN - MET
Joining MET - TYR
Joining TYR - GLU
Joining GLU - LEU
Joining LEU - LYS
Joining LYS - HIE
Joining HIE - ALA
Joining ALA - SER
Joining SER - HIE
Joining HIE - ILE
Joining ILE - SER
Joining SER - LYS
Joining LYS - LEU
Joining LEU - PRO
Joining PRO - LYS
Joining LYS - GLY
Joining GLY - LYS
Joining LYS - HIE
Joining HIE - SER
Joining SER - VAL
Joining VAL - LYS
Joining LYS - GLY
Joining GLY - LEU
Joining LEU - GLY
Joining GLY - LYS
Joining LYS - THR
Joining THR - THR
Joining THR - PRO
Joining PRO - ASP
Joining ASP - PRO
Joining PRO - SER
Joining SER - ALA
Joining ALA - ASN
Joining ASN - ILE
Joining ILE - SER
Joining SER - LEU
Joining LEU - ASP
Joining ASP - GLY
Joining GLY - VAL
Joining VAL - ASP
Joining ASP - VAL
Joining VAL - PRO
Joining PRO - LEU
Joining LEU - GLY
Joining GLY - THR
Joining THR - GLY
Joining GLY - ILE
Joining ILE - SER
Joining SER - SER
Joining SER - GLY
Joining GLY - VAL
Joining VAL - ASN
Joining ASN - ASP
Joining ASP - THR
Joining THR - SER
Joining SER - LEU
Joining LEU - LEU
Joining LEU - TYR
Joining TYR - ASN
Joining ASN - GLU
Joining GLU - TYR
Joining TYR - ILE
Joining ILE - VAL
Joining VAL - TYR
Joining TYR - ASP
Joining ASP - ILE
Joining ILE - ALA
Joining ALA - GLN
Joining GLN - VAL
Joining VAL - ASN
Joining ASN - LEU
Joining LEU - LYS
Joining LYS - TYR
Joining TYR - LEU
Joining LEU - LEU
Joining LEU - LYS
Joining LYS - LEU
Joining LEU - LYS
Joining LYS - PHE
Joining PHE - ASN
Joining ASN - PHE
Joining PHE - CLYS
Error: Atom .R<LIG 1>.A<C9 11> has force field coordination 4
       but only 3 bonded neighbors.
       The cause may be an incorrect atom type, and
       the effect may be a crash very soon.
Error: Atom .R<LIG 1>.A<O1 12> has force field coordination 2
       but only 1 bonded neighbors.
       The cause may be an incorrect atom type, and
       the effect may be a crash very soon.
