            --------------------------------------------------------
                             AMBER SQM VERSION 19
 
                                     By
              Ross C. Walker, Michael F. Crowley, Scott Brozell,
                         Tim Giese, Andreas W. Goetz,
                        Tai-Sung Lee and David A. Case
 
            --------------------------------------------------------
 

--------------------------------------------------------------------------------
  QM CALCULATION INFO
--------------------------------------------------------------------------------

| QMMM: Citation for AMBER QMMM Run:
| QMMM: R.C. Walker, M.F. Crowley and D.A. Case, J. COMP. CHEM. 29:1019, 2008

QMMM: SINGLET STATE CALCULATION
QMMM: RHF CALCULATION, NO. OF DOUBLY OCCUPIED LEVELS = 54

| QMMM: *** Selected Hamiltonian *** 
| QMMM: AM1         

| QMMM: *** Parameter sets in use ***
| QMMM: N : M.J.S.DEWAR et al. JACS, 107, 3902, (1985)
| QMMM: C : M.J.S.DEWAR et al. JACS, 107, 3902, (1985)
| QMMM: O : M.J.S.DEWAR et al. JACS, 107, 3902, (1985)
| QMMM: H : M.J.S.DEWAR et al. JACS, 107, 3902, (1985)

| QMMM: *** SCF convergence criteria ***
| QMMM: Energy change                :  0.1D-09 kcal/mol
| QMMM: Error matrix |FP-PF|         :  0.1D+00 au
| QMMM: Density matrix change        :  0.5D-06
| QMMM: Maximum number of SCF cycles :     1000

| QMMM: *** Diagonalization Routine Information ***
| QMMM: Pseudo diagonalizations are allowed.
| QMMM: Auto diagonalization routine selection is in use.
| QMMM:
| QMMM: Timing diagonalization routines:
| QMMM:                              norbs =      101
| QMMM:    diag iterations used for timing =       10
| QMMM:
| QMMM:              Internal diag routine = 0.055769 seconds
| QMMM:                 Dspev diag routine = 0.075728 seconds
| QMMM:                Dspevd diag routine = 0.047298 seconds
| QMMM:                Dspevx diag routine = 0.226157 seconds
| QMMM:                 Dsyev diag routine = 0.081360 seconds
| QMMM:                Dsyevd diag routine = 0.022466 seconds
| QMMM:                Dsyevr diag routine = 0.024683 seconds
| QMMM:
| QMMM:                Pseudo diag routine = 0.009046 seconds
| QMMM:
| QMMM: Using dsyevd routine (diag_routine=6).

  QMMM: QM Region Cartesian Coordinates (*=link atom) 
  QMMM: QM_NO.   MM_NO.  ATOM         X         Y         Z
  QMMM:     1        1      N        6.7760    0.1520    1.8850
  QMMM:     2        2      C        5.4150   -0.0430    1.5300
  QMMM:     3        3      C        4.9040    0.4910    0.3750
  QMMM:     4        4      C        3.5600    0.3130    0.0010
  QMMM:     5        5      C        2.6810   -0.4020    0.7650
  QMMM:     6        6      C        1.2760   -0.6410    0.4630
  QMMM:     7        7      O        0.6040   -1.3430    1.3090
  QMMM:     8        8      N        0.6020   -0.1820   -0.6490
  QMMM:     9        9      N        1.2490    0.5820   -1.6200
  QMMM:    10       10      C       -0.7660   -0.4480   -0.8860
  QMMM:    11       11      O       -1.2920    0.0070   -1.9310
  QMMM:    12       12      C       -1.5770   -1.2250    0.0380
  QMMM:    13       13      C       -2.9870   -1.4500   -0.3970
  QMMM:    14       14      C       -3.7980   -0.2450   -0.5970
  QMMM:    15       15      C       -4.3380    0.4100    0.5230
  QMMM:    16       16      C       -5.1320    1.5150    0.3750
  QMMM:    17       17      C       -5.4180    2.0060   -0.8770
  QMMM:    18       18      C       -4.9160    1.4010   -1.9900
  QMMM:    19       19      C       -4.1070    0.2750   -1.8280
  QMMM:    20       20      C        3.2230   -0.9450    1.9500
  QMMM:    21       21      C        4.5350   -0.7630    2.3020
  QMMM:    22       22      H        7.2450    1.0860    1.8990
  QMMM:    23       23      H        7.3650   -0.6680    2.1500
  QMMM:    24       24      H        5.5740    1.0660   -0.2570
  QMMM:    25       25      H        3.2540    0.7630   -0.9090
  QMMM:    26       26      H        1.0240    1.5940   -1.5680
  QMMM:    27       27      H        1.2120    0.1720   -2.5630
  QMMM:    28       28      H       -1.0940   -2.2420    0.1320
  QMMM:    29       29      H       -1.5460   -0.8030    1.0850
  QMMM:    30       30      H       -3.5260   -2.1380    0.3160
  QMMM:    31       31      H       -2.9450   -2.0620   -1.3430
  QMMM:    32       32      H       -4.0870   -0.0110    1.5000
  QMMM:    33       33      H       -5.5200    1.9780    1.2810
  QMMM:    34       34      H       -6.0610    2.8970   -0.9280
  QMMM:    35       35      H       -5.1450    1.7930   -2.9690
  QMMM:    36       36      H       -3.7560   -0.1870   -2.7140
  QMMM:    37       37      H        2.5580   -1.5160    2.5770
  QMMM:    38       38      H        4.9550   -1.1870    3.2250

--------------------------------------------------------------------------------
  RESULTS
--------------------------------------------------------------------------------

      iter         sqm energy              rms gradient
      ----    -------------------    -----------------------
xmin    10        5.7245 kcal/mol        1.9255 kcal/(mol*A)
xmin    20        5.1676 kcal/mol        0.8410 kcal/(mol*A)
xmin    30        3.4588 kcal/mol        0.4417 kcal/(mol*A)
xmin    40        2.3812 kcal/mol        1.3479 kcal/(mol*A)
xmin    50        1.7616 kcal/mol        0.1444 kcal/(mol*A)
xmin    60        1.6930 kcal/mol        0.3887 kcal/(mol*A)
xmin    70        1.4657 kcal/mol        0.3761 kcal/(mol*A)
xmin    80        1.2171 kcal/mol        0.1397 kcal/(mol*A)
xmin    90        1.1830 kcal/mol        0.2434 kcal/(mol*A)
xmin   100        1.1567 kcal/mol        0.3244 kcal/(mol*A)
xmin   110        1.0217 kcal/mol        0.1736 kcal/(mol*A)
xmin   120        1.0022 kcal/mol        0.0952 kcal/(mol*A)
xmin   130        0.9960 kcal/mol        0.0969 kcal/(mol*A)
xmin   140        0.9927 kcal/mol        0.0502 kcal/(mol*A)
xmin   150        0.9903 kcal/mol        0.0422 kcal/(mol*A)
xmin   160        0.9892 kcal/mol        0.0601 kcal/(mol*A)
xmin   170        0.9888 kcal/mol        0.0143 kcal/(mol*A)
xmin   180        0.9879 kcal/mol        0.0101 kcal/(mol*A)
xmin   190        0.9876 kcal/mol        0.0079 kcal/(mol*A)
xmin   200        0.9876 kcal/mol        0.0039 kcal/(mol*A)
xmin   210        0.9876 kcal/mol        0.0028 kcal/(mol*A)
xmin   220        0.9876 kcal/mol        0.0008 kcal/(mol*A)
  ... geometry converged !
 
 Final MO eigenvalues (eV):
 -41.0198  -39.9428  -39.3637  -38.5160  -36.6288  -35.5308  -34.7036  -31.7185
 -31.3162  -31.1093  -30.2989  -29.2856  -25.9270  -24.3491  -23.6796  -23.1493
 -22.4961  -21.5315  -20.3472  -18.8005  -18.2764  -18.0755  -17.9013  -17.5448
 -17.3050  -16.4206  -16.1714  -15.9928  -15.4763  -15.2440  -15.1611  -15.0598
 -14.5438  -14.3330  -14.1683  -14.1054  -13.9322  -13.8595  -13.4949  -12.8856
 -12.7624  -12.5403  -12.0413  -11.9501  -11.7760  -11.7210  -11.5916  -11.3954
 -10.5986  -10.4950   -9.9447   -9.5783   -9.3722   -8.8002   -0.1149    0.4011
   0.5155    0.6473    0.7427    1.0734    1.5794    2.6377    2.7733    2.9545
   3.0943    3.2805    3.6767    3.7563    3.7748    3.9080    4.0036    4.1066
   4.1562    4.1845    4.2150    4.2748    4.3743    4.3899    4.5045    4.5811
   4.6623    4.7957    4.8308    4.8866    5.0283    5.1045    5.2214    5.2614
   5.2940    5.3716    5.4185    5.5604    5.6608    5.6947    5.7327    5.8355
   6.0225    6.0723    6.2087    6.5267    6.8771

 Heat of formation   =          0.98760395 kcal/mol  (        0.04282572 eV)

 Total SCF energy    =     -81705.37080020 kcal/mol  (    -3543.01074542 eV)
 Electronic energy   =    -540674.68308157 kcal/mol  (   -23445.41360225 eV)
 Core-core repulsion =     458969.31228137 kcal/mol  (    19902.40285683 eV)
 
    Atomic Charges for Step       1 :
  Atom    Element       Mulliken Charge
     1      N                 -0.340
     2      C                  0.098
     3      C                 -0.214
     4      C                 -0.025
     5      C                 -0.156
     6      C                  0.397
     7      O                 -0.343
     8      N                 -0.320
     9      N                 -0.171
    10      C                  0.303
    11      O                 -0.359
    12      C                 -0.162
    13      C                 -0.122
    14      C                 -0.081
    15      C                 -0.127
    16      C                 -0.132
    17      C                 -0.131
    18      C                 -0.132
    19      C                 -0.122
    20      C                 -0.039
    21      C                 -0.211
    22      H                  0.197
    23      H                  0.197
    24      H                  0.136
    25      H                  0.140
    26      H                  0.148
    27      H                  0.149
    28      H                  0.135
    29      H                  0.128
    30      H                  0.094
    31      H                  0.113
    32      H                  0.131
    33      H                  0.130
    34      H                  0.129
    35      H                  0.130
    36      H                  0.149
    37      H                  0.147
    38      H                  0.137
 Total Mulliken Charge =       0.000
 
                  X        Y        Z     TOTAL  
  QM DIPOLE     3.441    1.317   -0.305    3.698
 
 Final Structure

  QMMM: QM Region Cartesian Coordinates (*=link atom) 
  QMMM: QM_NO.   MM_NO.  ATOM         X         Y         Z
  QMMM:     1        1      N        6.2247    1.0646    1.8522
  QMMM:     2        2      C        5.0119    0.5044    1.4648
  QMMM:     3        3      C        4.0777    1.2518    0.7065
  QMMM:     4        4      C        2.8372    0.7156    0.3873
  QMMM:     5        5      C        2.4905   -0.5708    0.8094
  QMMM:     6        6      C        1.1647   -1.1700    0.5293
  QMMM:     7        7      O        0.5361   -1.7924    1.4017
  QMMM:     8        8      N        0.5974   -1.0370   -0.7750
  QMMM:     9        9      N        1.4583   -0.7538   -1.8089
  QMMM:    10       10      C       -0.7740   -1.3438   -1.0418
  QMMM:    11       11      O       -1.1263   -1.4269   -2.2335
  QMMM:    12       12      C       -1.7359   -1.5284    0.1056
  QMMM:    13       13      C       -3.1855   -1.4465   -0.3379
  QMMM:    14       14      C       -3.6696   -0.0436   -0.4608
  QMMM:    15       15      C       -4.2266    0.6130    0.6426
  QMMM:    16       16      C       -4.6941    1.9205    0.5196
  QMMM:    17       17      C       -4.6100    2.5816   -0.7056
  QMMM:    18       18      C       -4.0545    1.9324   -1.8082
  QMMM:    19       19      C       -3.5856    0.6255   -1.6879
  QMMM:    20       20      C        3.4020   -1.3170    1.5690
  QMMM:    21       21      C        4.6484   -0.7993    1.8865
  QMMM:    22       22      H        6.5430    1.8269    1.2996
  QMMM:    23       23      H        6.9330    0.4188    2.1147
  QMMM:    24       24      H        4.3274    2.2692    0.3707
  QMMM:    25       25      H        2.1268    1.3220   -0.1960
  QMMM:    26       26      H        1.0763    0.0313   -2.3275
  QMMM:    27       27      H        1.4611   -1.5438   -2.4481
  QMMM:    28       28      H       -1.5315   -2.5411    0.5520
  QMMM:    29       29      H       -1.5362   -0.7666    0.9062
  QMMM:    30       30      H       -3.8111   -1.9898    0.4214
  QMMM:    31       31      H       -3.3084   -1.9771   -1.3212
  QMMM:    32       32      H       -4.2967    0.0935    1.6098
  QMMM:    33       33      H       -5.1313    2.4298    1.3907
  QMMM:    34       34      H       -4.9815    3.6120   -0.8020
  QMMM:    35       35      H       -3.9871    2.4511   -2.7756
  QMMM:    36       36      H       -3.1379    0.1106   -2.5537
  QMMM:    37       37      H        3.1180   -2.3229    1.9189
  QMMM:    38       38      H        5.3497   -1.4039    2.4804

           --------- Calculation Completed ----------

