            --------------------------------------------------------
                             AMBER SQM VERSION 19
 
                                     By
              Ross C. Walker, Michael F. Crowley, Scott Brozell,
                         Tim Giese, Andreas W. Goetz,
                        Tai-Sung Lee and David A. Case
 
            --------------------------------------------------------
 

--------------------------------------------------------------------------------
  QM CALCULATION INFO
--------------------------------------------------------------------------------

| QMMM: Citation for AMBER QMMM Run:
| QMMM: R.C. Walker, M.F. Crowley and D.A. Case, J. COMP. CHEM. 29:1019, 2008

QMMM: SINGLET STATE CALCULATION
QMMM: RHF CALCULATION, NO. OF DOUBLY OCCUPIED LEVELS = 57

| QMMM: *** Selected Hamiltonian *** 
| QMMM: AM1         

| QMMM: *** Parameter sets in use ***
| QMMM: C : M.J.S.DEWAR et al. JACS, 107, 3902, (1985)
| QMMM: O : M.J.S.DEWAR et al. JACS, 107, 3902, (1985)
| QMMM: N : M.J.S.DEWAR et al. JACS, 107, 3902, (1985)
| QMMM: H : M.J.S.DEWAR et al. JACS, 107, 3902, (1985)

| QMMM: *** SCF convergence criteria ***
| QMMM: Energy change                :  0.1D-09 kcal/mol
| QMMM: Error matrix |FP-PF|         :  0.1D+00 au
| QMMM: Density matrix change        :  0.5D-06
| QMMM: Maximum number of SCF cycles :     1000

| QMMM: *** Diagonalization Routine Information ***
| QMMM: Pseudo diagonalizations are allowed.
| QMMM: Auto diagonalization routine selection is in use.
| QMMM:
| QMMM: Timing diagonalization routines:
| QMMM:                              norbs =      107
| QMMM:    diag iterations used for timing =       10
| QMMM:
| QMMM:              Internal diag routine = 0.067810 seconds
| QMMM:                 Dspev diag routine = 0.062881 seconds
| QMMM:                Dspevd diag routine = 0.051568 seconds
| QMMM:                Dspevx diag routine = 0.251932 seconds
| QMMM:                 Dsyev diag routine = 0.058773 seconds
| QMMM:                Dsyevd diag routine = 0.043527 seconds
| QMMM:                Dsyevr diag routine = 0.061913 seconds
| QMMM:
| QMMM:                Pseudo diag routine = 0.017056 seconds
| QMMM:
| QMMM: Using dsyevd routine (diag_routine=6).

  QMMM: QM Region Cartesian Coordinates (*=link atom) 
  QMMM: QM_NO.   MM_NO.  ATOM         X         Y         Z
  QMMM:     1        1      C       -4.4250    2.1890   -1.1190
  QMMM:     2        2      C       -3.5630    0.9300   -0.9590
  QMMM:     3        3      C       -3.1830    0.6810    0.4560
  QMMM:     4        4      C       -1.7560    0.4720    0.7560
  QMMM:     5        5      C       -0.9970   -0.3890   -0.2520
  QMMM:     6        6      O        0.3570   -0.0170   -0.0790
  QMMM:     7        7      C        1.4200   -0.5270   -0.7980
  QMMM:     8        8      O        1.1610   -1.3800   -1.6720
  QMMM:     9        9      C        2.8020   -0.0800   -0.5410
  QMMM:    10       10      C        3.0960    0.8510    0.4110
  QMMM:    11       11      C        4.4140    1.2530    0.6290
  QMMM:    12       12      C        5.4530    0.7150   -0.1170
  QMMM:    13       13      N        6.8040    1.1270    0.1060
  QMMM:    14       14      C        5.1550   -0.2170   -1.0700
  QMMM:    15       15      C        3.8330   -0.6140   -1.2830
  QMMM:    16       16      C       -1.0700   -1.8480    0.1550
  QMMM:    17       17      C       -2.4830   -2.3650    0.2250
  QMMM:    18       18      C       -0.4650   -2.0400    1.5260
  QMMM:    19       19      C       -1.5110   -0.1420   -1.6010
  QMMM:    20       20      O       -1.3400   -0.8380   -2.5770
  QMMM:    21       21      C       -2.3330    1.1020   -1.7980
  QMMM:    22       22      H       -4.5500    2.7060   -0.1580
  QMMM:    23       23      H       -5.4370    1.9440   -1.5020
  QMMM:    24       24      H       -3.9390    2.9130   -1.8100
  QMMM:    25       25      H       -4.1860    0.0810   -1.3190
  QMMM:    26       26      H       -3.5010    1.6010    1.0360
  QMMM:    27       27      H       -3.8290   -0.1260    0.8930
  QMMM:    28       28      H       -1.6610    0.0350    1.7690
  QMMM:    29       29      H       -1.2510    1.4730    0.7830
  QMMM:    30       30      H        2.3220    1.2990    1.0170
  QMMM:    31       31      H        4.6720    1.9870    1.3750
  QMMM:    32       32      H        7.2980    0.8610    0.9760
  QMMM:    33       33      H        7.3280    1.7030   -0.5940
  QMMM:    34       34      H        5.9610   -0.6520   -1.6670
  QMMM:    35       35      H        3.6820   -1.3600   -2.0590
  QMMM:    36       36      H       -0.5220   -2.4670   -0.5580
  QMMM:    37       37      H       -2.8830   -2.2920    1.2660
  QMMM:    38       38      H       -3.1530   -1.9360   -0.5310
  QMMM:    39       39      H       -2.4340   -3.4570    0.0240
  QMMM:    40       40      H       -1.1970   -1.9100    2.3290
  QMMM:    41       41      H       -0.1100   -3.1030    1.5810
  QMMM:    42       42      H        0.4370   -1.4170    1.6280
  QMMM:    43       43      H       -1.7950    1.9960   -1.4320
  QMMM:    44       44      H       -2.6240    1.2560   -2.8360

--------------------------------------------------------------------------------
  RESULTS
--------------------------------------------------------------------------------

      iter         sqm energy              rms gradient
      ----    -------------------    -----------------------
xmin    10     -110.5965 kcal/mol        1.9946 kcal/(mol*A)
xmin    20     -113.0008 kcal/mol        0.4310 kcal/(mol*A)
xmin    30     -115.6709 kcal/mol        1.4530 kcal/(mol*A)
xmin    40     -116.3635 kcal/mol        0.9748 kcal/(mol*A)
xmin    50     -116.8334 kcal/mol        0.1695 kcal/(mol*A)
xmin    60     -116.8931 kcal/mol        0.2268 kcal/(mol*A)
xmin    70     -116.9387 kcal/mol        0.1293 kcal/(mol*A)
xmin    80     -116.9698 kcal/mol        0.0476 kcal/(mol*A)
xmin    90     -116.9713 kcal/mol        0.0180 kcal/(mol*A)
xmin   100     -116.9718 kcal/mol        0.0068 kcal/(mol*A)
xmin   110     -116.9718 kcal/mol        0.0038 kcal/(mol*A)
xmin   120     -116.9718 kcal/mol        0.0045 kcal/(mol*A)
xmin   130     -116.9718 kcal/mol        0.0008 kcal/(mol*A)
xmin   140     -116.9718 kcal/mol        0.0013 kcal/(mol*A)
  ... geometry converged !
 
 Final MO eigenvalues (eV):
 -41.7074  -40.2275  -39.1284  -37.5729  -36.8442  -35.7651  -35.4500  -31.8406
 -31.6000  -30.3941  -29.7027  -27.6673  -27.3322  -24.5681  -24.2392  -23.7226
 -22.3873  -21.6659  -20.4643  -18.9625  -18.4999  -18.0453  -17.7825  -17.6177
 -17.4404  -16.3911  -16.2629  -15.7730  -15.5556  -15.2278  -14.9291  -14.6626
 -14.4813  -14.4069  -14.1916  -13.9123  -13.8030  -13.5639  -13.4936  -13.3484
 -13.2656  -13.0646  -12.8439  -12.7626  -12.5211  -12.0779  -11.9489  -11.8409
 -11.8283  -11.7961  -11.6131  -11.4648  -11.1960  -10.6821  -10.0557   -9.9264
  -8.8931   -0.2203    0.3244    0.9706    1.6264    2.0466    2.5319    2.7795
   2.9396    3.4355    3.5053    3.5581    3.6116    3.6921    3.7052    3.7515
   3.8522    4.1020    4.1528    4.1653    4.2237    4.2662    4.3346    4.4047
   4.4138    4.4520    4.4653    4.6368    4.6638    4.6887    4.7731    4.7931
   4.8049    4.8755    4.9218    4.9382    4.9646    5.0512    5.0827    5.0932
   5.1170    5.2016    5.2992    5.3849    5.3976    5.4823    5.7237    5.9378
   5.9867    6.6981    7.0240

 Heat of formation   =       -116.97183564 kcal/mol  (       -5.07227942 eV)

 Total SCF energy    =     -84457.52339158 kcal/mol  (    -3662.35303723 eV)
 Electronic energy   =    -620970.75976372 kcal/mol  (   -26927.31276890 eV)
 Core-core repulsion =     536513.23637214 kcal/mol  (    23264.95973167 eV)
 
    Atomic Charges for Step       1 :
  Atom    Element       Mulliken Charge
     1      C                 -0.210
     2      C                 -0.094
     3      C                 -0.163
     4      C                 -0.153
     5      C                  0.068
     6      O                 -0.281
     7      C                  0.353
     8      O                 -0.346
     9      C                 -0.172
    10      C                 -0.028
    11      C                 -0.222
    12      C                  0.112
    13      N                 -0.345
    14      C                 -0.219
    15      C                 -0.028
    16      C                 -0.126
    17      C                 -0.208
    18      C                 -0.205
    19      C                  0.222
    20      O                 -0.253
    21      C                 -0.207
    22      H                  0.077
    23      H                  0.075
    24      H                  0.077
    25      H                  0.093
    26      H                  0.090
    27      H                  0.088
    28      H                  0.097
    29      H                  0.104
    30      H                  0.151
    31      H                  0.137
    32      H                  0.202
    33      H                  0.203
    34      H                  0.139
    35      H                  0.157
    36      H                  0.133
    37      H                  0.066
    38      H                  0.090
    39      H                  0.079
    40      H                  0.069
    41      H                  0.078
    42      H                  0.079
    43      H                  0.112
    44      H                  0.111
 Total Mulliken Charge =       0.000
 
                  X        Y        Z     TOTAL  
  QM DIPOLE     2.844    3.082    3.693    5.588
 
 Final Structure

  QMMM: QM Region Cartesian Coordinates (*=link atom) 
  QMMM: QM_NO.   MM_NO.  ATOM         X         Y         Z
  QMMM:     1        1      C       -3.0061    2.8160   -0.8301
  QMMM:     2        2      C       -3.1742    1.3346   -1.0917
  QMMM:     3        3      C       -3.2968    0.5489    0.2081
  QMMM:     4        4      C       -1.9554    0.1695    0.7969
  QMMM:     5        5      C       -1.1446   -0.7459   -0.1413
  QMMM:     6        6      O        0.1803   -0.1645   -0.0787
  QMMM:     7        7      C        1.1820   -0.6227   -0.8963
  QMMM:     8        8      O        0.9142   -1.4696   -1.7522
  QMMM:     9        9      C        2.4812    0.0081   -0.6382
  QMMM:    10       10      C        2.6640    0.9319    0.3976
  QMMM:    11       11      C        3.9062    1.5072    0.6188
  QMMM:    12       12      C        5.0096    1.1753   -0.2081
  QMMM:    13       13      N        6.2332    1.8091   -0.0464
  QMMM:    14       14      C        4.8136    0.2328   -1.2500
  QMMM:    15       15      C        3.5663   -0.3343   -1.4583
  QMMM:    16       16      C       -1.1077   -2.2143    0.3127
  QMMM:    17       17      C       -2.5011   -2.7876    0.4629
  QMMM:    18       18      C       -0.3238   -2.3951    1.5951
  QMMM:    19       19      C       -1.6991   -0.6087   -1.5658
  QMMM:    20       20      O       -1.9004   -1.5652   -2.3113
  QMMM:    21       21      C       -2.0229    0.8100   -1.9434
  QMMM:    22       22      H       -2.1106    3.0048   -0.1899
  QMMM:    23       23      H       -3.9061    3.2215   -0.3079
  QMMM:    24       24      H       -2.8758    3.3658   -1.7932
  QMMM:    25       25      H       -4.1324    1.1892   -1.6680
  QMMM:    26       26      H       -3.8664    1.1563    0.9593
  QMMM:    27       27      H       -3.8877   -0.3872    0.0149
  QMMM:    28       28      H       -2.1060   -0.3467    1.7792
  QMMM:    29       29      H       -1.3574    1.1004    0.9947
  QMMM:    30       30      H        1.8105    1.1993    1.0423
  QMMM:    31       31      H        4.0284    2.2322    1.4371
  QMMM:    32       32      H        6.3962    2.2321    0.8370
  QMMM:    33       33      H        7.0193    1.3579   -0.4520
  QMMM:    34       34      H        5.6511   -0.0472   -1.9062
  QMMM:    35       35      H        3.4152   -1.0643   -2.2717
  QMMM:    36       36      H       -0.5819   -2.7829   -0.5118
  QMMM:    37       37      H       -3.0676   -2.2695    1.2737
  QMMM:    38       38      H       -3.0682   -2.6861   -0.4947
  QMMM:    39       39      H       -2.4324   -3.8724    0.7203
  QMMM:    40       40      H       -0.8411   -1.9105    2.4575
  QMMM:    41       41      H       -0.2138   -3.4839    1.8181
  QMMM:    42       42      H        0.6942   -1.9462    1.4956
  QMMM:    43       43      H       -1.1010    1.4290   -1.7752
  QMMM:    44       44      H       -2.2879    0.8710   -3.0302

           --------- Calculation Completed ----------

